::1 - - [27/Aug/2018:02:46:38 +0000] "POST /login HTTP/1.1" 500 1260 "-" "curl/7.54.0"
::1 - - [27/Aug/2018:02:47:08 +0000] "POST /login HTTP/1.1" 500 1260 "-" "curl/7.54.0"
::1 - - [27/Aug/2018:02:48:40 +0000] "POST /login HTTP/1.1" 500 1322 "-" "curl/7.54.0"
::1 - - [27/Aug/2018:02:49:26 +0000] "POST /login HTTP/1.1" 500 1350 "-" "curl/7.54.0"
::1 - - [27/Aug/2018:02:49:43 +0000] "POST /login HTTP/1.1" 500 1348 "-" "curl/7.54.0"
::1 - - [27/Aug/2018:02:51:22 +0000] "POST /login HTTP/1.1" 500 1542 "-" "curl/7.54.0"
::1 - - [27/Aug/2018:02:51:31 +0000] "POST /login HTTP/1.1" 500 1542 "-" "curl/7.54.0"
::1 - - [27/Aug/2018:02:54:46 +0000] "POST /login HTTP/1.1" 500 1580 "-" "curl/7.54.0"
::1 - - [27/Aug/2018:02:54:58 +0000] "POST /login HTTP/1.1" 500 1580 "-" "curl/7.54.0"
::1 - - [27/Aug/2018:03:00:28 +0000] "POST /login HTTP/1.1" 200 36 "-" "curl/7.54.0"
::1 - - [27/Aug/2018:03:04:48 +0000] "POST /login HTTP/1.1" 200 36 "-" "curl/7.54.0"
::1 - - [27/Aug/2018:03:14:52 +0000] "POST /login HTTP/1.1" 500 1640 "-" "Cocos%20Simulator/20180528 CFNetwork/902.1 Darwin/17.7.0 (x86_64)"
::1 - - [27/Aug/2018:03:15:02 +0000] "POST /login HTTP/1.1" 500 1640 "-" "Cocos%20Simulator/20180528 CFNetwork/902.1 Darwin/17.7.0 (x86_64)"
::1 - - [27/Aug/2018:03:15:12 +0000] "POST /login HTTP/1.1" 500 1640 "-" "Cocos%20Simulator/20180528 CFNetwork/902.1 Darwin/17.7.0 (x86_64)"
::1 - - [27/Aug/2018:03:15:22 +0000] "POST /login HTTP/1.1" 500 1640 "-" "Cocos%20Simulator/20180528 CFNetwork/902.1 Darwin/17.7.0 (x86_64)"
::1 - - [27/Aug/2018:03:15:32 +0000] "POST /login HTTP/1.1" 500 1640 "-" "Cocos%20Simulator/20180528 CFNetwork/902.1 Darwin/17.7.0 (x86_64)"
::1 - - [27/Aug/2018:03:25:07 +0000] "POST /login HTTP/1.1" 500 1672 "-" "Cocos%20Simulator/20180528 CFNetwork/902.1 Darwin/17.7.0 (x86_64)"
::1 - - [27/Aug/2018:03:25:10 +0000] "POST /login HTTP/1.1" 500 1672 "-" "Cocos%20Simulator/20180528 CFNetwork/902.1 Darwin/17.7.0 (x86_64)"
::1 - - [27/Aug/2018:03:26:41 +0000] "POST /login HTTP/1.1" - - "-" "Cocos%20Simulator/20180528 CFNetwork/902.1 Darwin/17.7.0 (x86_64)"
::1 - - [27/Aug/2018:03:27:41 +0000] "POST /login HTTP/1.1" 200 36 "-" "Cocos%20Simulator/20180528 CFNetwork/902.1 Darwin/17.7.0 (x86_64)"
::1 - - [27/Aug/2018:03:27:59 +0000] "POST /get_rank HTTP/1.1" 200 12625 "-" "Cocos%20Simulator/20180528 CFNetwork/902.1 Darwin/17.7.0 (x86_64)"
::1 - - [27/Aug/2018:03:28:18 +0000] "POST /upload_score HTTP/1.1" 200 16 "-" "Cocos%20Simulator/20180528 CFNetwork/902.1 Darwin/17.7.0 (x86_64)"
::1 - - [27/Aug/2018:03:28:24 +0000] "POST /get_rank HTTP/1.1" 200 12625 "-" "Cocos%20Simulator/20180528 CFNetwork/902.1 Darwin/17.7.0 (x86_64)"
::1 - - [27/Aug/2018:03:29:38 +0000] "OPTIONS /upload_score HTTP/1.1" 200 - "-" "Mozilla/5.0 (Macintosh; Intel Mac OS X 10_13_6) AppleWebKit/537.36 (KHTML, like Gecko) Chrome/68.0.3440.106 Safari/537.36"
::1 - - [27/Aug/2018:03:30:52 +0000] "POST /get_rank HTTP/1.1" 200 12625 "-" "Cocos%20Simulator/20180528 CFNetwork/902.1 Darwin/17.7.0 (x86_64)"
::1 - - [27/Aug/2018:03:31:18 +0000] "POST /upload_score HTTP/1.1" 200 16 "-" "Cocos%20Simulator/20180528 CFNetwork/902.1 Darwin/17.7.0 (x86_64)"
::1 - - [27/Aug/2018:03:37:48 +0000] "POST /upload_score HTTP/1.1" 200 16 "-" "Cocos%20Simulator/20180528 CFNetwork/902.1 Darwin/17.7.0 (x86_64)"
::1 - - [27/Aug/2018:03:38:23 +0000] "POST /upload_score HTTP/1.1" 500 64 "-" "Cocos%20Simulator/20180528 CFNetwork/902.1 Darwin/17.7.0 (x86_64)"
::1 - - [27/Aug/2018:03:39:24 +0000] "POST /upload_score HTTP/1.1" 200 16 "-" "Cocos%20Simulator/20180528 CFNetwork/902.1 Darwin/17.7.0 (x86_64)"
::1 - - [27/Aug/2018:03:39:55 +0000] "POST /upload_score HTTP/1.1" 200 16 "-" "Cocos%20Simulator/20180528 CFNetwork/902.1 Darwin/17.7.0 (x86_64)"
